[1.346s] Invoking command in '/home/andrew/ros2_ws/src/turtle_shapes': PYTHONPATH=/home/andrew/ros2_ws/build/turtle_shapes/prefix_override:/usr/lib/python3/dist-packages/colcon_core/task/python/colcon_distutils_commands:/home/andrew/ros2_ws/install/turtle_shapes/lib/python3.10/site-packages:${PYTHONPATH} /usr/bin/python3 -W ignore:setup.py install is deprecated -W ignore:easy_install command is deprecated setup.py egg_info --egg-base ../../build/turtle_shapes build --build-base /home/andrew/ros2_ws/build/turtle_shapes/build install --record /home/andrew/ros2_ws/build/turtle_shapes/install.log --single-version-externally-managed install_data
[1.727s] running egg_info
[1.729s] writing ../../build/turtle_shapes/turtle_shapes.egg-info/PKG-INFO
[1.730s] writing dependency_links to ../../build/turtle_shapes/turtle_shapes.egg-info/dependency_links.txt
[1.730s] writing entry points to ../../build/turtle_shapes/turtle_shapes.egg-info/entry_points.txt
[1.731s] writing requirements to ../../build/turtle_shapes/turtle_shapes.egg-info/requires.txt
[1.731s] writing top-level names to ../../build/turtle_shapes/turtle_shapes.egg-info/top_level.txt
[1.762s] reading manifest file '../../build/turtle_shapes/turtle_shapes.egg-info/SOURCES.txt'
[1.765s] writing manifest file '../../build/turtle_shapes/turtle_shapes.egg-info/SOURCES.txt'
[1.765s] running build
[1.766s] running build_py
[1.766s] running install
[1.767s] running install_lib
[1.773s] running install_data
[1.773s] copying launch/turtle_shapes.launch.py -> /home/andrew/ros2_ws/install/turtle_shapes/share/turtle_shapes/launch
[1.774s] running install_egg_info
[1.778s] removing '/home/andrew/ros2_ws/install/turtle_shapes/lib/python3.10/site-packages/turtle_shapes-0.0.0-py3.10.egg-info' (and everything under it)
[1.779s] Copying ../../build/turtle_shapes/turtle_shapes.egg-info to /home/andrew/ros2_ws/install/turtle_shapes/lib/python3.10/site-packages/turtle_shapes-0.0.0-py3.10.egg-info
[1.783s] running install_scripts
[1.820s] Installing shape_node script to /home/andrew/ros2_ws/install/turtle_shapes/lib/turtle_shapes
[1.820s] Installing turtle_commander script to /home/andrew/ros2_ws/install/turtle_shapes/lib/turtle_shapes
[1.821s] writing list of installed files to '/home/andrew/ros2_ws/build/turtle_shapes/install.log'
[1.863s] Invoked command in '/home/andrew/ros2_ws/src/turtle_shapes' returned '0': PYTHONPATH=/home/andrew/ros2_ws/build/turtle_shapes/prefix_override:/usr/lib/python3/dist-packages/colcon_core/task/python/colcon_distutils_commands:/home/andrew/ros2_ws/install/turtle_shapes/lib/python3.10/site-packages:${PYTHONPATH} /usr/bin/python3 -W ignore:setup.py install is deprecated -W ignore:easy_install command is deprecated setup.py egg_info --egg-base ../../build/turtle_shapes build --build-base /home/andrew/ros2_ws/build/turtle_shapes/build install --record /home/andrew/ros2_ws/build/turtle_shapes/install.log --single-version-externally-managed install_data
