[0.854s] Invoking command in '/home/andrew/ros2_ws/src/turtle_shapes': PYTHONPATH=/home/andrew/ros2_ws/build/turtle_shapes/prefix_override:/usr/lib/python3/dist-packages/colcon_core/task/python/colcon_distutils_commands:/home/andrew/ros2_ws/install/turtle_shapes/lib/python3.10/site-packages:${PYTHONPATH} /usr/bin/python3 -W ignore:setup.py install is deprecated -W ignore:easy_install command is deprecated setup.py egg_info --egg-base ../../build/turtle_shapes build --build-base /home/andrew/ros2_ws/build/turtle_shapes/build install --record /home/andrew/ros2_ws/build/turtle_shapes/install.log --single-version-externally-managed install_data
[1.195s] running egg_info
[1.196s] writing ../../build/turtle_shapes/turtle_shapes.egg-info/PKG-INFO
[1.196s] writing dependency_links to ../../build/turtle_shapes/turtle_shapes.egg-info/dependency_links.txt
[1.197s] writing entry points to ../../build/turtle_shapes/turtle_shapes.egg-info/entry_points.txt
[1.197s] writing requirements to ../../build/turtle_shapes/turtle_shapes.egg-info/requires.txt
[1.197s] writing top-level names to ../../build/turtle_shapes/turtle_shapes.egg-info/top_level.txt
[1.199s] reading manifest file '../../build/turtle_shapes/turtle_shapes.egg-info/SOURCES.txt'
[1.201s] writing manifest file '../../build/turtle_shapes/turtle_shapes.egg-info/SOURCES.txt'
[1.201s] running build
[1.201s] running build_py
[1.201s] copying turtle_shapes/turtle_commander.py -> /home/andrew/ros2_ws/build/turtle_shapes/build/lib/turtle_shapes
[1.201s] copying turtle_shapes/shape_node.py -> /home/andrew/ros2_ws/build/turtle_shapes/build/lib/turtle_shapes
[1.202s] running install
[1.202s] running install_lib
[1.203s] copying /home/andrew/ros2_ws/build/turtle_shapes/build/lib/turtle_shapes/turtle_commander.py -> /home/andrew/ros2_ws/install/turtle_shapes/lib/python3.10/site-packages/turtle_shapes
[1.203s] copying /home/andrew/ros2_ws/build/turtle_shapes/build/lib/turtle_shapes/shape_node.py -> /home/andrew/ros2_ws/install/turtle_shapes/lib/python3.10/site-packages/turtle_shapes
[1.204s] byte-compiling /home/andrew/ros2_ws/install/turtle_shapes/lib/python3.10/site-packages/turtle_shapes/turtle_commander.py to turtle_commander.cpython-310.pyc
[1.205s] byte-compiling /home/andrew/ros2_ws/install/turtle_shapes/lib/python3.10/site-packages/turtle_shapes/shape_node.py to shape_node.cpython-310.pyc
[1.206s] running install_data
[1.206s] copying launch/turtle_shapes.launch.py -> /home/andrew/ros2_ws/install/turtle_shapes/share/turtle_shapes/launch
[1.206s] running install_egg_info
[1.209s] removing '/home/andrew/ros2_ws/install/turtle_shapes/lib/python3.10/site-packages/turtle_shapes-0.0.0-py3.10.egg-info' (and everything under it)
[1.210s] Copying ../../build/turtle_shapes/turtle_shapes.egg-info to /home/andrew/ros2_ws/install/turtle_shapes/lib/python3.10/site-packages/turtle_shapes-0.0.0-py3.10.egg-info
[1.212s] running install_scripts
[1.240s] Installing shape_node script to /home/andrew/ros2_ws/install/turtle_shapes/lib/turtle_shapes
[1.241s] Installing turtle_commander script to /home/andrew/ros2_ws/install/turtle_shapes/lib/turtle_shapes
[1.241s] writing list of installed files to '/home/andrew/ros2_ws/build/turtle_shapes/install.log'
[1.269s] Invoked command in '/home/andrew/ros2_ws/src/turtle_shapes' returned '0': PYTHONPATH=/home/andrew/ros2_ws/build/turtle_shapes/prefix_override:/usr/lib/python3/dist-packages/colcon_core/task/python/colcon_distutils_commands:/home/andrew/ros2_ws/install/turtle_shapes/lib/python3.10/site-packages:${PYTHONPATH} /usr/bin/python3 -W ignore:setup.py install is deprecated -W ignore:easy_install command is deprecated setup.py egg_info --egg-base ../../build/turtle_shapes build --build-base /home/andrew/ros2_ws/build/turtle_shapes/build install --record /home/andrew/ros2_ws/build/turtle_shapes/install.log --single-version-externally-managed install_data
