[2.928s] Invoking command in '/home/andrew/ros2_ws/build/turtle_shapes': PYTHONPATH=/home/andrew/ros2_ws/build/turtle_shapes/prefix_override:/usr/lib/python3/dist-packages/colcon_core/task/python/colcon_distutils_commands:/home/andrew/ros2_ws/install/turtle_shapes/lib/python3.10/site-packages:${PYTHONPATH} /usr/bin/python3 -W ignore:setup.py install is deprecated -W ignore:easy_install command is deprecated setup.py develop --editable --build-directory /home/andrew/ros2_ws/build/turtle_shapes/build --no-deps symlink_data --force
[4.042s] running develop
[4.754s] running egg_info
[4.754s] writing turtle_shapes.egg-info/PKG-INFO
[4.756s] writing dependency_links to turtle_shapes.egg-info/dependency_links.txt
[4.757s] writing entry points to turtle_shapes.egg-info/entry_points.txt
[4.758s] writing requirements to turtle_shapes.egg-info/requires.txt
[4.758s] writing top-level names to turtle_shapes.egg-info/top_level.txt
[4.765s] reading manifest file 'turtle_shapes.egg-info/SOURCES.txt'
[4.767s] writing manifest file 'turtle_shapes.egg-info/SOURCES.txt'
[4.773s] running build_ext
[4.773s] Creating /home/andrew/ros2_ws/install/turtle_shapes/lib/python3.10/site-packages/turtle-shapes.egg-link (link to .)
[4.776s] Installing shape_node script to /home/andrew/ros2_ws/install/turtle_shapes/lib/turtle_shapes
[4.777s] Installing turtle_commander script to /home/andrew/ros2_ws/install/turtle_shapes/lib/turtle_shapes
[4.778s] 
[4.779s] Installed /home/andrew/ros2_ws/build/turtle_shapes
[4.780s] running symlink_data
[4.780s] symbolically linking /home/andrew/ros2_ws/build/turtle_shapes/resource/turtle_shapes -> /home/andrew/ros2_ws/install/turtle_shapes/share/ament_index/resource_index/packages
[4.781s] symbolically linking /home/andrew/ros2_ws/build/turtle_shapes/package.xml -> /home/andrew/ros2_ws/install/turtle_shapes/share/turtle_shapes
[4.782s] symbolically linking /home/andrew/ros2_ws/build/turtle_shapes/launch/turtle_shapes.launch.py -> /home/andrew/ros2_ws/install/turtle_shapes/share/turtle_shapes/launch
[4.873s] Invoked command in '/home/andrew/ros2_ws/build/turtle_shapes' returned '0': PYTHONPATH=/home/andrew/ros2_ws/build/turtle_shapes/prefix_override:/usr/lib/python3/dist-packages/colcon_core/task/python/colcon_distutils_commands:/home/andrew/ros2_ws/install/turtle_shapes/lib/python3.10/site-packages:${PYTHONPATH} /usr/bin/python3 -W ignore:setup.py install is deprecated -W ignore:easy_install command is deprecated setup.py develop --editable --build-directory /home/andrew/ros2_ws/build/turtle_shapes/build --no-deps symlink_data --force
