[0.952s] Invoking command in '/home/andrew/ros2_ws/src/turtle_shapes': PYTHONPATH=/home/andrew/ros2_ws/build/turtle_shapes/prefix_override:/usr/lib/python3/dist-packages/colcon_core/task/python/colcon_distutils_commands:/home/andrew/ros2_ws/install/turtle_shapes/lib/python3.10/site-packages:${PYTHONPATH} /usr/bin/python3 -W ignore:setup.py install is deprecated -W ignore:easy_install command is deprecated setup.py egg_info --egg-base ../../build/turtle_shapes build --build-base /home/andrew/ros2_ws/build/turtle_shapes/build install --record /home/andrew/ros2_ws/build/turtle_shapes/install.log --single-version-externally-managed install_data
[1.304s] running egg_info
[1.306s] writing ../../build/turtle_shapes/turtle_shapes.egg-info/PKG-INFO
[1.307s] writing dependency_links to ../../build/turtle_shapes/turtle_shapes.egg-info/dependency_links.txt
[1.308s] writing entry points to ../../build/turtle_shapes/turtle_shapes.egg-info/entry_points.txt
[1.308s] writing requirements to ../../build/turtle_shapes/turtle_shapes.egg-info/requires.txt
[1.309s] writing top-level names to ../../build/turtle_shapes/turtle_shapes.egg-info/top_level.txt
[1.311s] reading manifest file '../../build/turtle_shapes/turtle_shapes.egg-info/SOURCES.txt'
[1.313s] writing manifest file '../../build/turtle_shapes/turtle_shapes.egg-info/SOURCES.txt'
[1.313s] running build
[1.313s] running build_py
[1.313s] copying turtle_shapes/turtle_commander.py -> /home/andrew/ros2_ws/build/turtle_shapes/build/lib/turtle_shapes
[1.314s] copying turtle_shapes/shape_node.py -> /home/andrew/ros2_ws/build/turtle_shapes/build/lib/turtle_shapes
[1.314s] running install
[1.314s] running install_lib
[1.315s] copying /home/andrew/ros2_ws/build/turtle_shapes/build/lib/turtle_shapes/turtle_commander.py -> /home/andrew/ros2_ws/install/turtle_shapes/lib/python3.10/site-packages/turtle_shapes
[1.316s] copying /home/andrew/ros2_ws/build/turtle_shapes/build/lib/turtle_shapes/shape_node.py -> /home/andrew/ros2_ws/install/turtle_shapes/lib/python3.10/site-packages/turtle_shapes
[1.317s] byte-compiling /home/andrew/ros2_ws/install/turtle_shapes/lib/python3.10/site-packages/turtle_shapes/turtle_commander.py to turtle_commander.cpython-310.pyc
[1.318s] byte-compiling /home/andrew/ros2_ws/install/turtle_shapes/lib/python3.10/site-packages/turtle_shapes/shape_node.py to shape_node.cpython-310.pyc
[1.319s] running install_data
[1.319s] copying launch/turtle_shapes.launch.py -> /home/andrew/ros2_ws/install/turtle_shapes/share/turtle_shapes/launch
[1.320s] running install_egg_info
[1.322s] removing '/home/andrew/ros2_ws/install/turtle_shapes/lib/python3.10/site-packages/turtle_shapes-0.0.0-py3.10.egg-info' (and everything under it)
[1.323s] Copying ../../build/turtle_shapes/turtle_shapes.egg-info to /home/andrew/ros2_ws/install/turtle_shapes/lib/python3.10/site-packages/turtle_shapes-0.0.0-py3.10.egg-info
[1.324s] running install_scripts
[1.355s] Installing shape_node script to /home/andrew/ros2_ws/install/turtle_shapes/lib/turtle_shapes
[1.355s] Installing turtle_commander script to /home/andrew/ros2_ws/install/turtle_shapes/lib/turtle_shapes
[1.356s] writing list of installed files to '/home/andrew/ros2_ws/build/turtle_shapes/install.log'
[1.389s] Invoked command in '/home/andrew/ros2_ws/src/turtle_shapes' returned '0': PYTHONPATH=/home/andrew/ros2_ws/build/turtle_shapes/prefix_override:/usr/lib/python3/dist-packages/colcon_core/task/python/colcon_distutils_commands:/home/andrew/ros2_ws/install/turtle_shapes/lib/python3.10/site-packages:${PYTHONPATH} /usr/bin/python3 -W ignore:setup.py install is deprecated -W ignore:easy_install command is deprecated setup.py egg_info --egg-base ../../build/turtle_shapes build --build-base /home/andrew/ros2_ws/build/turtle_shapes/build install --record /home/andrew/ros2_ws/build/turtle_shapes/install.log --single-version-externally-managed install_data
