[1.069s] DEBUG:colcon:Command line arguments: ['/usr/bin/colcon', 'build', '--symlink-install']
[1.070s] DEBUG:colcon:Parsed command line arguments: Namespace(log_base=None, log_level=None, verb_name='build', build_base='build', install_base='install', merge_install=False, symlink_install=True, test_result_base=None, continue_on_error=False, executor='parallel', parallel_workers=16, event_handlers=None, ignore_user_meta=False, metas=['./colcon.meta'], base_paths=['.'], packages_ignore=None, packages_ignore_regex=None, paths=None, packages_up_to=None, packages_up_to_regex=None, packages_above=None, packages_above_and_dependencies=None, packages_above_depth=None, packages_select_by_dep=None, packages_skip_by_dep=None, packages_skip_up_to=None, packages_select_build_failed=False, packages_skip_build_finished=False, packages_select_test_failures=False, packages_skip_test_passed=False, packages_select=None, packages_skip=None, packages_select_regex=None, packages_skip_regex=None, packages_start=None, packages_end=None, allow_overriding=[], cmake_args=None, cmake_target=None, cmake_target_skip_unavailable=False, cmake_clean_cache=False, cmake_clean_first=False, cmake_force_configure=False, ament_cmake_args=None, catkin_cmake_args=None, catkin_skip_building_tests=False, verb_parser=<colcon_defaults.argument_parser.defaults.DefaultArgumentsDecorator object at 0x76ede2beb280>, verb_extension=<colcon_core.verb.build.BuildVerb object at 0x76ede2beada0>, main=<bound method BuildVerb.main of <colcon_core.verb.build.BuildVerb object at 0x76ede2beada0>>)
[0.670s] Level 1:colcon.colcon_core.package_discovery:discover_packages(colcon_meta) check parameters
[0.671s] Level 1:colcon.colcon_core.package_discovery:discover_packages(recursive) check parameters
[0.672s] Level 1:colcon.colcon_core.package_discovery:discover_packages(ignore) check parameters
[0.672s] Level 1:colcon.colcon_core.package_discovery:discover_packages(path) check parameters
[0.672s] Level 1:colcon.colcon_core.package_discovery:discover_packages(colcon_meta) discover
[0.672s] Level 1:colcon.colcon_core.package_discovery:discover_packages(recursive) discover
[0.672s] INFO:colcon.colcon_core.package_discovery:Crawling recursively for packages in '/home/andrew/ros2_ws'
[0.673s] Level 1:colcon.colcon_core.package_identification:_identify(.) by extensions ['ignore', 'ignore_ament_install']
[0.673s] Level 1:colcon.colcon_core.package_identification:_identify(.) by extension 'ignore'
[0.674s] Level 1:colcon.colcon_core.package_identification:_identify(.) by extension 'ignore_ament_install'
[0.674s] Level 1:colcon.colcon_core.package_identification:_identify(.) by extensions ['colcon_pkg']
[0.674s] Level 1:colcon.colcon_core.package_identification:_identify(.) by extension 'colcon_pkg'
[0.674s] Level 1:colcon.colcon_core.package_identification:_identify(.) by extensions ['colcon_meta']
[0.675s] Level 1:colcon.colcon_core.package_identification:_identify(.) by extension 'colcon_meta'
[0.675s] Level 1:colcon.colcon_core.package_identification:_identify(.) by extensions ['ros']
[0.675s] Level 1:colcon.colcon_core.package_identification:_identify(.) by extension 'ros'
[0.732s] Level 1:colcon.colcon_core.package_identification:_identify(.) by extensions ['cmake', 'python']
[0.732s] Level 1:colcon.colcon_core.package_identification:_identify(.) by extension 'cmake'
[0.733s] Level 1:colcon.colcon_core.package_identification:_identify(.) by extension 'python'
[0.733s] Level 1:colcon.colcon_core.package_identification:_identify(.) by extensions ['python_setup_py']
[0.733s] Level 1:colcon.colcon_core.package_identification:_identify(.) by extension 'python_setup_py'
[0.733s] Level 1:colcon.colcon_core.package_identification:_identify(build) by extensions ['ignore', 'ignore_ament_install']
[0.734s] Level 1:colcon.colcon_core.package_identification:_identify(build) by extension 'ignore'
[0.735s] Level 1:colcon.colcon_core.package_identification:_identify(build) ignored
[0.735s] Level 1:colcon.colcon_core.package_identification:_identify(install) by extensions ['ignore', 'ignore_ament_install']
[0.736s] Level 1:colcon.colcon_core.package_identification:_identify(install) by extension 'ignore'
[0.736s] Level 1:colcon.colcon_core.package_identification:_identify(install) ignored
[0.737s] Level 1:colcon.colcon_core.package_identification:_identify(log) by extensions ['ignore', 'ignore_ament_install']
[0.737s] Level 1:colcon.colcon_core.package_identification:_identify(log) by extension 'ignore'
[0.737s] Level 1:colcon.colcon_core.package_identification:_identify(log) ignored
[0.738s] Level 1:colcon.colcon_core.package_identification:_identify(src) by extensions ['ignore', 'ignore_ament_install']
[0.738s] Level 1:colcon.colcon_core.package_identification:_identify(src) by extension 'ignore'
[0.739s] Level 1:colcon.colcon_core.package_identification:_identify(src) by extension 'ignore_ament_install'
[0.739s] Level 1:colcon.colcon_core.package_identification:_identify(src) by extensions ['colcon_pkg']
[0.739s] Level 1:colcon.colcon_core.package_identification:_identify(src) by extension 'colcon_pkg'
[0.739s] Level 1:colcon.colcon_core.package_identification:_identify(src) by extensions ['colcon_meta']
[0.740s] Level 1:colcon.colcon_core.package_identification:_identify(src) by extension 'colcon_meta'
[0.740s] Level 1:colcon.colcon_core.package_identification:_identify(src) by extensions ['ros']
[0.740s] Level 1:colcon.colcon_core.package_identification:_identify(src) by extension 'ros'
[0.741s] Level 1:colcon.colcon_core.package_identification:_identify(src) by extensions ['cmake', 'python']
[0.741s] Level 1:colcon.colcon_core.package_identification:_identify(src) by extension 'cmake'
[0.741s] Level 1:colcon.colcon_core.package_identification:_identify(src) by extension 'python'
[0.742s] Level 1:colcon.colcon_core.package_identification:_identify(src) by extensions ['python_setup_py']
[0.742s] Level 1:colcon.colcon_core.package_identification:_identify(src) by extension 'python_setup_py'
[0.742s] Level 1:colcon.colcon_core.package_identification:_identify(src/turtle_shapes) by extensions ['ignore', 'ignore_ament_install']
[0.743s] Level 1:colcon.colcon_core.package_identification:_identify(src/turtle_shapes) by extension 'ignore'
[0.743s] Level 1:colcon.colcon_core.package_identification:_identify(src/turtle_shapes) by extension 'ignore_ament_install'
[0.744s] Level 1:colcon.colcon_core.package_identification:_identify(src/turtle_shapes) by extensions ['colcon_pkg']
[0.744s] Level 1:colcon.colcon_core.package_identification:_identify(src/turtle_shapes) by extension 'colcon_pkg'
[0.744s] Level 1:colcon.colcon_core.package_identification:_identify(src/turtle_shapes) by extensions ['colcon_meta']
[0.745s] Level 1:colcon.colcon_core.package_identification:_identify(src/turtle_shapes) by extension 'colcon_meta'
[0.745s] Level 1:colcon.colcon_core.package_identification:_identify(src/turtle_shapes) by extensions ['ros']
[0.745s] Level 1:colcon.colcon_core.package_identification:_identify(src/turtle_shapes) by extension 'ros'
[0.759s] DEBUG:colcon.colcon_core.package_identification:Package 'src/turtle_shapes' with type 'ros.ament_python' and name 'turtle_shapes'
[0.759s] Level 1:colcon.colcon_core.package_discovery:discover_packages(recursive) using defaults
[0.760s] Level 1:colcon.colcon_core.package_discovery:discover_packages(ignore) discover
[0.760s] Level 1:colcon.colcon_core.package_discovery:discover_packages(ignore) using defaults
[0.760s] Level 1:colcon.colcon_core.package_discovery:discover_packages(path) discover
[0.760s] Level 1:colcon.colcon_core.package_discovery:discover_packages(path) using defaults
[0.857s] Level 1:colcon.colcon_core.package_discovery:discover_packages(prefix_path) check parameters
[0.857s] Level 1:colcon.colcon_core.package_discovery:discover_packages(prefix_path) discover
[0.865s] DEBUG:colcon.colcon_installed_package_information.package_discovery:Found 1 installed packages in /home/andrew/ros2_ws/install
[0.871s] DEBUG:colcon.colcon_installed_package_information.package_discovery:Found 271 installed packages in /opt/ros/humble
[0.884s] Level 1:colcon.colcon_core.package_discovery:discover_packages(prefix_path) using defaults
[1.112s] Level 5:colcon.colcon_core.verb:set package 'turtle_shapes' build argument 'cmake_args' from command line to 'None'
[1.112s] Level 5:colcon.colcon_core.verb:set package 'turtle_shapes' build argument 'cmake_target' from command line to 'None'
[1.112s] Level 5:colcon.colcon_core.verb:set package 'turtle_shapes' build argument 'cmake_target_skip_unavailable' from command line to 'False'
[1.112s] Level 5:colcon.colcon_core.verb:set package 'turtle_shapes' build argument 'cmake_clean_cache' from command line to 'False'
[1.113s] Level 5:colcon.colcon_core.verb:set package 'turtle_shapes' build argument 'cmake_clean_first' from command line to 'False'
[1.113s] Level 5:colcon.colcon_core.verb:set package 'turtle_shapes' build argument 'cmake_force_configure' from command line to 'False'
[1.113s] Level 5:colcon.colcon_core.verb:set package 'turtle_shapes' build argument 'ament_cmake_args' from command line to 'None'
[1.113s] Level 5:colcon.colcon_core.verb:set package 'turtle_shapes' build argument 'catkin_cmake_args' from command line to 'None'
[1.113s] Level 5:colcon.colcon_core.verb:set package 'turtle_shapes' build argument 'catkin_skip_building_tests' from command line to 'False'
[1.113s] DEBUG:colcon.colcon_core.verb:Building package 'turtle_shapes' with the following arguments: {'ament_cmake_args': None, 'build_base': '/home/andrew/ros2_ws/build/turtle_shapes', 'catkin_cmake_args': None, 'catkin_skip_building_tests': False, 'cmake_args': None, 'cmake_clean_cache': False, 'cmake_clean_first': False, 'cmake_force_configure': False, 'cmake_target': None, 'cmake_target_skip_unavailable': False, 'install_base': '/home/andrew/ros2_ws/install/turtle_shapes', 'merge_install': False, 'path': '/home/andrew/ros2_ws/src/turtle_shapes', 'symlink_install': True, 'test_result_base': None}
[1.114s] INFO:colcon.colcon_core.executor:Executing jobs using 'parallel' executor
[1.118s] DEBUG:colcon.colcon_parallel_executor.executor.parallel:run_until_complete
[1.121s] INFO:colcon.colcon_ros.task.ament_python.build:Building ROS package in '/home/andrew/ros2_ws/src/turtle_shapes' with build type 'ament_python'
[1.122s] Level 1:colcon.colcon_core.shell:create_environment_hook('turtle_shapes', 'ament_prefix_path')
[1.136s] INFO:colcon.colcon_core.plugin_system:Skipping extension 'colcon_core.shell.bat': Not used on non-Windows systems
[1.137s] INFO:colcon.colcon_core.shell:Creating environment hook '/home/andrew/ros2_ws/install/turtle_shapes/share/turtle_shapes/hook/ament_prefix_path.ps1'
[1.142s] INFO:colcon.colcon_core.shell:Creating environment descriptor '/home/andrew/ros2_ws/install/turtle_shapes/share/turtle_shapes/hook/ament_prefix_path.dsv'
[1.145s] INFO:colcon.colcon_core.shell:Creating environment hook '/home/andrew/ros2_ws/install/turtle_shapes/share/turtle_shapes/hook/ament_prefix_path.sh'
[1.149s] INFO:colcon.colcon_core.shell:Skip shell extension 'powershell' for command environment: Not usable outside of PowerShell
[1.149s] DEBUG:colcon.colcon_core.shell:Skip shell extension 'dsv' for command environment
[2.580s] INFO:colcon.colcon_core.task.python.build:Building Python package in '/home/andrew/ros2_ws/src/turtle_shapes'
[2.581s] INFO:colcon.colcon_core.shell:Skip shell extension 'powershell' for command environment: Not usable outside of PowerShell
[2.581s] DEBUG:colcon.colcon_core.shell:Skip shell extension 'dsv' for command environment
[4.310s] DEBUG:colcon.colcon_core.event_handler.log_command:Invoking command in '/home/andrew/ros2_ws/build/turtle_shapes': PYTHONPATH=/home/andrew/ros2_ws/build/turtle_shapes/prefix_override:/usr/lib/python3/dist-packages/colcon_core/task/python/colcon_distutils_commands:/home/andrew/ros2_ws/install/turtle_shapes/lib/python3.10/site-packages:${PYTHONPATH} /usr/bin/python3 -W ignore:setup.py install is deprecated -W ignore:easy_install command is deprecated setup.py develop --editable --build-directory /home/andrew/ros2_ws/build/turtle_shapes/build --no-deps symlink_data
[6.634s] Level 1:colcon.colcon_core.shell:create_environment_hook('turtle_shapes', 'pythonpath_develop')
[6.637s] INFO:colcon.colcon_core.shell:Creating environment hook '/home/andrew/ros2_ws/build/turtle_shapes/share/turtle_shapes/hook/pythonpath_develop.ps1'
[6.638s] DEBUG:colcon.colcon_core.event_handler.log_command:Invoked command in '/home/andrew/ros2_ws/build/turtle_shapes' returned '0': PYTHONPATH=/home/andrew/ros2_ws/build/turtle_shapes/prefix_override:/usr/lib/python3/dist-packages/colcon_core/task/python/colcon_distutils_commands:/home/andrew/ros2_ws/install/turtle_shapes/lib/python3.10/site-packages:${PYTHONPATH} /usr/bin/python3 -W ignore:setup.py install is deprecated -W ignore:easy_install command is deprecated setup.py develop --editable --build-directory /home/andrew/ros2_ws/build/turtle_shapes/build --no-deps symlink_data
[6.641s] INFO:colcon.colcon_core.shell:Creating environment descriptor '/home/andrew/ros2_ws/build/turtle_shapes/share/turtle_shapes/hook/pythonpath_develop.dsv'
[6.643s] INFO:colcon.colcon_core.shell:Creating environment hook '/home/andrew/ros2_ws/build/turtle_shapes/share/turtle_shapes/hook/pythonpath_develop.sh'
[6.654s] Level 1:colcon.colcon_core.environment:checking '/home/andrew/ros2_ws/install/turtle_shapes' for CMake module files
[6.656s] Level 1:colcon.colcon_core.environment:checking '/home/andrew/ros2_ws/install/turtle_shapes' for CMake config files
[6.659s] Level 1:colcon.colcon_core.environment:checking '/home/andrew/ros2_ws/install/turtle_shapes/lib'
[6.660s] Level 1:colcon.colcon_core.environment:checking '/home/andrew/ros2_ws/install/turtle_shapes/bin'
[6.660s] Level 1:colcon.colcon_core.environment:checking '/home/andrew/ros2_ws/install/turtle_shapes/lib/pkgconfig/turtle_shapes.pc'
[6.661s] Level 1:colcon.colcon_core.environment:checking '/home/andrew/ros2_ws/install/turtle_shapes/lib/python3.10/site-packages'
[6.661s] Level 1:colcon.colcon_core.shell:create_environment_hook('turtle_shapes', 'pythonpath')
[6.662s] INFO:colcon.colcon_core.shell:Creating environment hook '/home/andrew/ros2_ws/install/turtle_shapes/share/turtle_shapes/hook/pythonpath.ps1'
[6.665s] INFO:colcon.colcon_core.shell:Creating environment descriptor '/home/andrew/ros2_ws/install/turtle_shapes/share/turtle_shapes/hook/pythonpath.dsv'
[6.667s] INFO:colcon.colcon_core.shell:Creating environment hook '/home/andrew/ros2_ws/install/turtle_shapes/share/turtle_shapes/hook/pythonpath.sh'
[6.670s] Level 1:colcon.colcon_core.environment:checking '/home/andrew/ros2_ws/install/turtle_shapes/bin'
[6.670s] Level 1:colcon.colcon_core.environment:create_environment_scripts_only(turtle_shapes)
[6.672s] INFO:colcon.colcon_core.shell:Creating package script '/home/andrew/ros2_ws/install/turtle_shapes/share/turtle_shapes/package.ps1'
[6.678s] INFO:colcon.colcon_core.shell:Creating package descriptor '/home/andrew/ros2_ws/install/turtle_shapes/share/turtle_shapes/package.dsv'
[6.681s] INFO:colcon.colcon_core.shell:Creating package script '/home/andrew/ros2_ws/install/turtle_shapes/share/turtle_shapes/package.sh'
[6.684s] INFO:colcon.colcon_core.shell:Creating package script '/home/andrew/ros2_ws/install/turtle_shapes/share/turtle_shapes/package.bash'
[6.688s] INFO:colcon.colcon_core.shell:Creating package script '/home/andrew/ros2_ws/install/turtle_shapes/share/turtle_shapes/package.zsh'
[6.693s] Level 1:colcon.colcon_core.environment:create_file_with_runtime_dependencies(/home/andrew/ros2_ws/install/turtle_shapes/share/colcon-core/packages/turtle_shapes)
[6.695s] DEBUG:colcon.colcon_parallel_executor.executor.parallel:closing loop
[6.698s] DEBUG:colcon.colcon_parallel_executor.executor.parallel:loop closed
[6.699s] DEBUG:colcon.colcon_parallel_executor.executor.parallel:run_until_complete finished with '0'
[6.700s] DEBUG:colcon.colcon_core.event_reactor:joining thread
[6.878s] INFO:colcon.colcon_core.plugin_system:Skipping extension 'colcon_notification.desktop_notification.notify_send': Could not find 'notify-send'
[6.879s] INFO:colcon.colcon_core.plugin_system:Skipping extension 'colcon_notification.desktop_notification.terminal_notifier': Not used on non-Darwin systems
[6.879s] INFO:colcon.colcon_core.plugin_system:Skipping extension 'colcon_notification.desktop_notification.win32': Not used on non-Windows systems
[6.880s] INFO:colcon.colcon_notification.desktop_notification:Sending desktop notification using 'notify2'
[6.880s] DEBUG:colcon.colcon_notification.desktop_notification.notify2:Failed to initialize notify2: org.freedesktop.DBus.Error.FileNotFound: Failed to connect to socket /run/user/1000/bus: No such file or directory
[6.881s] DEBUG:colcon.colcon_core.event_reactor:joined thread
[6.882s] INFO:colcon.colcon_core.shell:Creating prefix script '/home/andrew/ros2_ws/install/local_setup.ps1'
[6.887s] INFO:colcon.colcon_core.shell:Creating prefix util module '/home/andrew/ros2_ws/install/_local_setup_util_ps1.py'
[6.893s] INFO:colcon.colcon_core.shell:Creating prefix chain script '/home/andrew/ros2_ws/install/setup.ps1'
[6.898s] INFO:colcon.colcon_core.shell:Creating prefix script '/home/andrew/ros2_ws/install/local_setup.sh'
[6.902s] INFO:colcon.colcon_core.shell:Creating prefix util module '/home/andrew/ros2_ws/install/_local_setup_util_sh.py'
[6.905s] INFO:colcon.colcon_core.shell:Creating prefix chain script '/home/andrew/ros2_ws/install/setup.sh'
[6.909s] INFO:colcon.colcon_core.shell:Creating prefix script '/home/andrew/ros2_ws/install/local_setup.bash'
[6.912s] INFO:colcon.colcon_core.shell:Creating prefix chain script '/home/andrew/ros2_ws/install/setup.bash'
[6.916s] INFO:colcon.colcon_core.shell:Creating prefix script '/home/andrew/ros2_ws/install/local_setup.zsh'
[6.919s] INFO:colcon.colcon_core.shell:Creating prefix chain script '/home/andrew/ros2_ws/install/setup.zsh'
