[0.802s] DEBUG:colcon:Command line arguments: ['/usr/bin/colcon', 'build', '--symlink-install']
[0.803s] DEBUG:colcon:Parsed command line arguments: Namespace(log_base=None, log_level=None, verb_name='build', build_base='build', install_base='install', merge_install=False, symlink_install=True, test_result_base=None, continue_on_error=False, executor='parallel', parallel_workers=16, event_handlers=None, ignore_user_meta=False, metas=['./colcon.meta'], base_paths=['.'], packages_ignore=None, packages_ignore_regex=None, paths=None, packages_up_to=None, packages_up_to_regex=None, packages_above=None, packages_above_and_dependencies=None, packages_above_depth=None, packages_select_by_dep=None, packages_skip_by_dep=None, packages_skip_up_to=None, packages_select_build_failed=False, packages_skip_build_finished=False, packages_select_test_failures=False, packages_skip_test_passed=False, packages_select=None, packages_skip=None, packages_select_regex=None, packages_skip_regex=None, packages_start=None, packages_end=None, allow_overriding=[], cmake_args=None, cmake_target=None, cmake_target_skip_unavailable=False, cmake_clean_cache=False, cmake_clean_first=False, cmake_force_configure=False, ament_cmake_args=None, catkin_cmake_args=None, catkin_skip_building_tests=False, verb_parser=<colcon_defaults.argument_parser.defaults.DefaultArgumentsDecorator object at 0x7f487f517280>, verb_extension=<colcon_core.verb.build.BuildVerb object at 0x7f487f516da0>, main=<bound method BuildVerb.main of <colcon_core.verb.build.BuildVerb object at 0x7f487f516da0>>)
[1.657s] Level 1:colcon.colcon_core.package_discovery:discover_packages(colcon_meta) check parameters
[1.658s] Level 1:colcon.colcon_core.package_discovery:discover_packages(recursive) check parameters
[1.658s] Level 1:colcon.colcon_core.package_discovery:discover_packages(ignore) check parameters
[1.658s] Level 1:colcon.colcon_core.package_discovery:discover_packages(path) check parameters
[1.658s] Level 1:colcon.colcon_core.package_discovery:discover_packages(colcon_meta) discover
[1.658s] Level 1:colcon.colcon_core.package_discovery:discover_packages(recursive) discover
[1.659s] INFO:colcon.colcon_core.package_discovery:Crawling recursively for packages in '/home/andrew/ros2_ws'
[1.659s] Level 1:colcon.colcon_core.package_identification:_identify(.) by extensions ['ignore', 'ignore_ament_install']
[1.660s] Level 1:colcon.colcon_core.package_identification:_identify(.) by extension 'ignore'
[1.660s] Level 1:colcon.colcon_core.package_identification:_identify(.) by extension 'ignore_ament_install'
[1.660s] Level 1:colcon.colcon_core.package_identification:_identify(.) by extensions ['colcon_pkg']
[1.661s] Level 1:colcon.colcon_core.package_identification:_identify(.) by extension 'colcon_pkg'
[1.661s] Level 1:colcon.colcon_core.package_identification:_identify(.) by extensions ['colcon_meta']
[1.661s] Level 1:colcon.colcon_core.package_identification:_identify(.) by extension 'colcon_meta'
[1.661s] Level 1:colcon.colcon_core.package_identification:_identify(.) by extensions ['ros']
[1.662s] Level 1:colcon.colcon_core.package_identification:_identify(.) by extension 'ros'
[1.732s] Level 1:colcon.colcon_core.package_identification:_identify(.) by extensions ['cmake', 'python']
[1.733s] Level 1:colcon.colcon_core.package_identification:_identify(.) by extension 'cmake'
[1.733s] Level 1:colcon.colcon_core.package_identification:_identify(.) by extension 'python'
[1.734s] Level 1:colcon.colcon_core.package_identification:_identify(.) by extensions ['python_setup_py']
[1.734s] Level 1:colcon.colcon_core.package_identification:_identify(.) by extension 'python_setup_py'
[1.734s] Level 1:colcon.colcon_core.package_identification:_identify(build) by extensions ['ignore', 'ignore_ament_install']
[1.735s] Level 1:colcon.colcon_core.package_identification:_identify(build) by extension 'ignore'
[1.735s] Level 1:colcon.colcon_core.package_identification:_identify(build) ignored
[1.736s] Level 1:colcon.colcon_core.package_identification:_identify(install) by extensions ['ignore', 'ignore_ament_install']
[1.737s] Level 1:colcon.colcon_core.package_identification:_identify(install) by extension 'ignore'
[1.738s] Level 1:colcon.colcon_core.package_identification:_identify(install) ignored
[1.738s] Level 1:colcon.colcon_core.package_identification:_identify(log) by extensions ['ignore', 'ignore_ament_install']
[1.739s] Level 1:colcon.colcon_core.package_identification:_identify(log) by extension 'ignore'
[1.739s] Level 1:colcon.colcon_core.package_identification:_identify(log) ignored
[1.740s] Level 1:colcon.colcon_core.package_identification:_identify(src) by extensions ['ignore', 'ignore_ament_install']
[1.740s] Level 1:colcon.colcon_core.package_identification:_identify(src) by extension 'ignore'
[1.740s] Level 1:colcon.colcon_core.package_identification:_identify(src) by extension 'ignore_ament_install'
[1.741s] Level 1:colcon.colcon_core.package_identification:_identify(src) by extensions ['colcon_pkg']
[1.741s] Level 1:colcon.colcon_core.package_identification:_identify(src) by extension 'colcon_pkg'
[1.741s] Level 1:colcon.colcon_core.package_identification:_identify(src) by extensions ['colcon_meta']
[1.741s] Level 1:colcon.colcon_core.package_identification:_identify(src) by extension 'colcon_meta'
[1.742s] Level 1:colcon.colcon_core.package_identification:_identify(src) by extensions ['ros']
[1.742s] Level 1:colcon.colcon_core.package_identification:_identify(src) by extension 'ros'
[1.742s] Level 1:colcon.colcon_core.package_identification:_identify(src) by extensions ['cmake', 'python']
[1.743s] Level 1:colcon.colcon_core.package_identification:_identify(src) by extension 'cmake'
[1.743s] Level 1:colcon.colcon_core.package_identification:_identify(src) by extension 'python'
[1.743s] Level 1:colcon.colcon_core.package_identification:_identify(src) by extensions ['python_setup_py']
[1.743s] Level 1:colcon.colcon_core.package_identification:_identify(src) by extension 'python_setup_py'
[1.744s] Level 1:colcon.colcon_core.package_identification:_identify(src/turtle_shapes) by extensions ['ignore', 'ignore_ament_install']
[1.744s] Level 1:colcon.colcon_core.package_identification:_identify(src/turtle_shapes) by extension 'ignore'
[1.745s] Level 1:colcon.colcon_core.package_identification:_identify(src/turtle_shapes) by extension 'ignore_ament_install'
[1.745s] Level 1:colcon.colcon_core.package_identification:_identify(src/turtle_shapes) by extensions ['colcon_pkg']
[1.745s] Level 1:colcon.colcon_core.package_identification:_identify(src/turtle_shapes) by extension 'colcon_pkg'
[1.745s] Level 1:colcon.colcon_core.package_identification:_identify(src/turtle_shapes) by extensions ['colcon_meta']
[1.745s] Level 1:colcon.colcon_core.package_identification:_identify(src/turtle_shapes) by extension 'colcon_meta'
[1.746s] Level 1:colcon.colcon_core.package_identification:_identify(src/turtle_shapes) by extensions ['ros']
[1.746s] Level 1:colcon.colcon_core.package_identification:_identify(src/turtle_shapes) by extension 'ros'
[1.758s] DEBUG:colcon.colcon_core.package_identification:Package 'src/turtle_shapes' with type 'ros.ament_python' and name 'turtle_shapes'
[1.758s] Level 1:colcon.colcon_core.package_discovery:discover_packages(recursive) using defaults
[1.759s] Level 1:colcon.colcon_core.package_discovery:discover_packages(ignore) discover
[1.759s] Level 1:colcon.colcon_core.package_discovery:discover_packages(ignore) using defaults
[1.759s] Level 1:colcon.colcon_core.package_discovery:discover_packages(path) discover
[1.759s] Level 1:colcon.colcon_core.package_discovery:discover_packages(path) using defaults
[1.851s] Level 1:colcon.colcon_core.package_discovery:discover_packages(prefix_path) check parameters
[1.851s] Level 1:colcon.colcon_core.package_discovery:discover_packages(prefix_path) discover
[1.858s] DEBUG:colcon.colcon_installed_package_information.package_discovery:Found 1 installed packages in /home/andrew/ros2_ws/install
[1.864s] DEBUG:colcon.colcon_installed_package_information.package_discovery:Found 271 installed packages in /opt/ros/humble
[1.873s] Level 1:colcon.colcon_core.package_discovery:discover_packages(prefix_path) using defaults
[2.095s] Level 5:colcon.colcon_core.verb:set package 'turtle_shapes' build argument 'cmake_args' from command line to 'None'
[2.095s] Level 5:colcon.colcon_core.verb:set package 'turtle_shapes' build argument 'cmake_target' from command line to 'None'
[2.095s] Level 5:colcon.colcon_core.verb:set package 'turtle_shapes' build argument 'cmake_target_skip_unavailable' from command line to 'False'
[2.096s] Level 5:colcon.colcon_core.verb:set package 'turtle_shapes' build argument 'cmake_clean_cache' from command line to 'False'
[2.096s] Level 5:colcon.colcon_core.verb:set package 'turtle_shapes' build argument 'cmake_clean_first' from command line to 'False'
[2.096s] Level 5:colcon.colcon_core.verb:set package 'turtle_shapes' build argument 'cmake_force_configure' from command line to 'False'
[2.096s] Level 5:colcon.colcon_core.verb:set package 'turtle_shapes' build argument 'ament_cmake_args' from command line to 'None'
[2.096s] Level 5:colcon.colcon_core.verb:set package 'turtle_shapes' build argument 'catkin_cmake_args' from command line to 'None'
[2.096s] Level 5:colcon.colcon_core.verb:set package 'turtle_shapes' build argument 'catkin_skip_building_tests' from command line to 'False'
[2.096s] DEBUG:colcon.colcon_core.verb:Building package 'turtle_shapes' with the following arguments: {'ament_cmake_args': None, 'build_base': '/home/andrew/ros2_ws/build/turtle_shapes', 'catkin_cmake_args': None, 'catkin_skip_building_tests': False, 'cmake_args': None, 'cmake_clean_cache': False, 'cmake_clean_first': False, 'cmake_force_configure': False, 'cmake_target': None, 'cmake_target_skip_unavailable': False, 'install_base': '/home/andrew/ros2_ws/install/turtle_shapes', 'merge_install': False, 'path': '/home/andrew/ros2_ws/src/turtle_shapes', 'symlink_install': True, 'test_result_base': None}
[2.097s] INFO:colcon.colcon_core.executor:Executing jobs using 'parallel' executor
[2.102s] DEBUG:colcon.colcon_parallel_executor.executor.parallel:run_until_complete
[2.103s] INFO:colcon.colcon_ros.task.ament_python.build:Building ROS package in '/home/andrew/ros2_ws/src/turtle_shapes' with build type 'ament_python'
[2.104s] Level 1:colcon.colcon_core.shell:create_environment_hook('turtle_shapes', 'ament_prefix_path')
[2.116s] INFO:colcon.colcon_core.plugin_system:Skipping extension 'colcon_core.shell.bat': Not used on non-Windows systems
[2.118s] INFO:colcon.colcon_core.shell:Creating environment hook '/home/andrew/ros2_ws/install/turtle_shapes/share/turtle_shapes/hook/ament_prefix_path.ps1'
[2.122s] INFO:colcon.colcon_core.shell:Creating environment descriptor '/home/andrew/ros2_ws/install/turtle_shapes/share/turtle_shapes/hook/ament_prefix_path.dsv'
[2.124s] INFO:colcon.colcon_core.shell:Creating environment hook '/home/andrew/ros2_ws/install/turtle_shapes/share/turtle_shapes/hook/ament_prefix_path.sh'
[2.128s] INFO:colcon.colcon_core.shell:Skip shell extension 'powershell' for command environment: Not usable outside of PowerShell
[2.128s] DEBUG:colcon.colcon_core.shell:Skip shell extension 'dsv' for command environment
[3.433s] INFO:colcon.colcon_core.task.python.build:Building Python package in '/home/andrew/ros2_ws/src/turtle_shapes'
[3.435s] INFO:colcon.colcon_core.shell:Skip shell extension 'powershell' for command environment: Not usable outside of PowerShell
[3.435s] DEBUG:colcon.colcon_core.shell:Skip shell extension 'dsv' for command environment
[4.983s] DEBUG:colcon.colcon_core.event_handler.log_command:Invoking command in '/home/andrew/ros2_ws/build/turtle_shapes': PYTHONPATH=/home/andrew/ros2_ws/build/turtle_shapes/prefix_override:/usr/lib/python3/dist-packages/colcon_core/task/python/colcon_distutils_commands:/home/andrew/ros2_ws/install/turtle_shapes/lib/python3.10/site-packages:${PYTHONPATH} /usr/bin/python3 -W ignore:setup.py install is deprecated -W ignore:easy_install command is deprecated setup.py develop --editable --build-directory /home/andrew/ros2_ws/build/turtle_shapes/build --no-deps symlink_data
[6.755s] Level 1:colcon.colcon_core.shell:create_environment_hook('turtle_shapes', 'pythonpath_develop')
[6.758s] INFO:colcon.colcon_core.shell:Creating environment hook '/home/andrew/ros2_ws/build/turtle_shapes/share/turtle_shapes/hook/pythonpath_develop.ps1'
[6.759s] DEBUG:colcon.colcon_core.event_handler.log_command:Invoked command in '/home/andrew/ros2_ws/build/turtle_shapes' returned '0': PYTHONPATH=/home/andrew/ros2_ws/build/turtle_shapes/prefix_override:/usr/lib/python3/dist-packages/colcon_core/task/python/colcon_distutils_commands:/home/andrew/ros2_ws/install/turtle_shapes/lib/python3.10/site-packages:${PYTHONPATH} /usr/bin/python3 -W ignore:setup.py install is deprecated -W ignore:easy_install command is deprecated setup.py develop --editable --build-directory /home/andrew/ros2_ws/build/turtle_shapes/build --no-deps symlink_data
[6.762s] INFO:colcon.colcon_core.shell:Creating environment descriptor '/home/andrew/ros2_ws/build/turtle_shapes/share/turtle_shapes/hook/pythonpath_develop.dsv'
[6.763s] INFO:colcon.colcon_core.shell:Creating environment hook '/home/andrew/ros2_ws/build/turtle_shapes/share/turtle_shapes/hook/pythonpath_develop.sh'
[6.775s] Level 1:colcon.colcon_core.environment:checking '/home/andrew/ros2_ws/install/turtle_shapes' for CMake module files
[6.777s] Level 1:colcon.colcon_core.environment:checking '/home/andrew/ros2_ws/install/turtle_shapes' for CMake config files
[6.779s] Level 1:colcon.colcon_core.environment:checking '/home/andrew/ros2_ws/install/turtle_shapes/lib'
[6.780s] Level 1:colcon.colcon_core.environment:checking '/home/andrew/ros2_ws/install/turtle_shapes/bin'
[6.781s] Level 1:colcon.colcon_core.environment:checking '/home/andrew/ros2_ws/install/turtle_shapes/lib/pkgconfig/turtle_shapes.pc'
[6.782s] Level 1:colcon.colcon_core.environment:checking '/home/andrew/ros2_ws/install/turtle_shapes/lib/python3.10/site-packages'
[6.782s] Level 1:colcon.colcon_core.shell:create_environment_hook('turtle_shapes', 'pythonpath')
[6.783s] INFO:colcon.colcon_core.shell:Creating environment hook '/home/andrew/ros2_ws/install/turtle_shapes/share/turtle_shapes/hook/pythonpath.ps1'
[6.786s] INFO:colcon.colcon_core.shell:Creating environment descriptor '/home/andrew/ros2_ws/install/turtle_shapes/share/turtle_shapes/hook/pythonpath.dsv'
[6.788s] INFO:colcon.colcon_core.shell:Creating environment hook '/home/andrew/ros2_ws/install/turtle_shapes/share/turtle_shapes/hook/pythonpath.sh'
[6.792s] Level 1:colcon.colcon_core.environment:checking '/home/andrew/ros2_ws/install/turtle_shapes/bin'
[6.792s] Level 1:colcon.colcon_core.environment:create_environment_scripts_only(turtle_shapes)
[6.794s] INFO:colcon.colcon_core.shell:Creating package script '/home/andrew/ros2_ws/install/turtle_shapes/share/turtle_shapes/package.ps1'
[6.799s] INFO:colcon.colcon_core.shell:Creating package descriptor '/home/andrew/ros2_ws/install/turtle_shapes/share/turtle_shapes/package.dsv'
[6.802s] INFO:colcon.colcon_core.shell:Creating package script '/home/andrew/ros2_ws/install/turtle_shapes/share/turtle_shapes/package.sh'
[6.806s] INFO:colcon.colcon_core.shell:Creating package script '/home/andrew/ros2_ws/install/turtle_shapes/share/turtle_shapes/package.bash'
[6.810s] INFO:colcon.colcon_core.shell:Creating package script '/home/andrew/ros2_ws/install/turtle_shapes/share/turtle_shapes/package.zsh'
[6.814s] Level 1:colcon.colcon_core.environment:create_file_with_runtime_dependencies(/home/andrew/ros2_ws/install/turtle_shapes/share/colcon-core/packages/turtle_shapes)
[6.816s] DEBUG:colcon.colcon_parallel_executor.executor.parallel:closing loop
[6.818s] DEBUG:colcon.colcon_parallel_executor.executor.parallel:loop closed
[6.819s] DEBUG:colcon.colcon_parallel_executor.executor.parallel:run_until_complete finished with '0'
[6.821s] DEBUG:colcon.colcon_core.event_reactor:joining thread
[7.009s] INFO:colcon.colcon_core.plugin_system:Skipping extension 'colcon_notification.desktop_notification.notify_send': Could not find 'notify-send'
[7.010s] INFO:colcon.colcon_core.plugin_system:Skipping extension 'colcon_notification.desktop_notification.terminal_notifier': Not used on non-Darwin systems
[7.011s] INFO:colcon.colcon_core.plugin_system:Skipping extension 'colcon_notification.desktop_notification.win32': Not used on non-Windows systems
[7.011s] INFO:colcon.colcon_notification.desktop_notification:Sending desktop notification using 'notify2'
[7.012s] DEBUG:colcon.colcon_notification.desktop_notification.notify2:Failed to initialize notify2: org.freedesktop.DBus.Error.FileNotFound: Failed to connect to socket /run/user/1000/bus: No such file or directory
[7.013s] DEBUG:colcon.colcon_core.event_reactor:joined thread
[7.015s] INFO:colcon.colcon_core.shell:Creating prefix script '/home/andrew/ros2_ws/install/local_setup.ps1'
[7.021s] INFO:colcon.colcon_core.shell:Creating prefix util module '/home/andrew/ros2_ws/install/_local_setup_util_ps1.py'
[7.030s] INFO:colcon.colcon_core.shell:Creating prefix chain script '/home/andrew/ros2_ws/install/setup.ps1'
[7.037s] INFO:colcon.colcon_core.shell:Creating prefix script '/home/andrew/ros2_ws/install/local_setup.sh'
[7.042s] INFO:colcon.colcon_core.shell:Creating prefix util module '/home/andrew/ros2_ws/install/_local_setup_util_sh.py'
[7.045s] INFO:colcon.colcon_core.shell:Creating prefix chain script '/home/andrew/ros2_ws/install/setup.sh'
[7.051s] INFO:colcon.colcon_core.shell:Creating prefix script '/home/andrew/ros2_ws/install/local_setup.bash'
[7.054s] INFO:colcon.colcon_core.shell:Creating prefix chain script '/home/andrew/ros2_ws/install/setup.bash'
[7.059s] INFO:colcon.colcon_core.shell:Creating prefix script '/home/andrew/ros2_ws/install/local_setup.zsh'
[7.062s] INFO:colcon.colcon_core.shell:Creating prefix chain script '/home/andrew/ros2_ws/install/setup.zsh'
