[2.965s] Invoking command in '/home/andrew/ros2_ws/src/turtle_shapes': PYTHONPATH=/home/andrew/ros2_ws/build/turtle_shapes/prefix_override:/usr/lib/python3/dist-packages/colcon_core/task/python/colcon_distutils_commands:/home/andrew/ros2_ws/install/turtle_shapes/lib/python3.10/site-packages:${PYTHONPATH} /usr/bin/python3 -W ignore:setup.py install is deprecated -W ignore:easy_install command is deprecated setup.py egg_info --egg-base ../../build/turtle_shapes build --build-base /home/andrew/ros2_ws/build/turtle_shapes/build install --record /home/andrew/ros2_ws/build/turtle_shapes/install.log --single-version-externally-managed install_data
[4.124s] running egg_info
[4.127s] writing ../../build/turtle_shapes/turtle_shapes.egg-info/PKG-INFO
[4.128s] writing dependency_links to ../../build/turtle_shapes/turtle_shapes.egg-info/dependency_links.txt
[4.129s] writing entry points to ../../build/turtle_shapes/turtle_shapes.egg-info/entry_points.txt
[4.130s] writing requirements to ../../build/turtle_shapes/turtle_shapes.egg-info/requires.txt
[4.131s] writing top-level names to ../../build/turtle_shapes/turtle_shapes.egg-info/top_level.txt
[4.139s] reading manifest file '../../build/turtle_shapes/turtle_shapes.egg-info/SOURCES.txt'
[4.144s] writing manifest file '../../build/turtle_shapes/turtle_shapes.egg-info/SOURCES.txt'
[4.144s] running build
[4.146s] running build_py
[4.147s] copying turtle_shapes/turtle_commander.py -> /home/andrew/ros2_ws/build/turtle_shapes/build/lib/turtle_shapes
[4.147s] running install
[4.148s] running install_lib
[4.151s] copying /home/andrew/ros2_ws/build/turtle_shapes/build/lib/turtle_shapes/turtle_commander.py -> /home/andrew/ros2_ws/install/turtle_shapes/lib/python3.10/site-packages/turtle_shapes
[4.154s] byte-compiling /home/andrew/ros2_ws/install/turtle_shapes/lib/python3.10/site-packages/turtle_shapes/turtle_commander.py to turtle_commander.cpython-310.pyc
[4.163s] running install_data
[4.164s] running install_egg_info
[4.171s] removing '/home/andrew/ros2_ws/install/turtle_shapes/lib/python3.10/site-packages/turtle_shapes-0.0.0-py3.10.egg-info' (and everything under it)
[4.172s] Copying ../../build/turtle_shapes/turtle_shapes.egg-info to /home/andrew/ros2_ws/install/turtle_shapes/lib/python3.10/site-packages/turtle_shapes-0.0.0-py3.10.egg-info
[4.179s] running install_scripts
[4.272s] Installing shape_node script to /home/andrew/ros2_ws/install/turtle_shapes/lib/turtle_shapes
[4.273s] Installing turtle_commander script to /home/andrew/ros2_ws/install/turtle_shapes/lib/turtle_shapes
[4.276s] writing list of installed files to '/home/andrew/ros2_ws/build/turtle_shapes/install.log'
[4.363s] Invoked command in '/home/andrew/ros2_ws/src/turtle_shapes' returned '0': PYTHONPATH=/home/andrew/ros2_ws/build/turtle_shapes/prefix_override:/usr/lib/python3/dist-packages/colcon_core/task/python/colcon_distutils_commands:/home/andrew/ros2_ws/install/turtle_shapes/lib/python3.10/site-packages:${PYTHONPATH} /usr/bin/python3 -W ignore:setup.py install is deprecated -W ignore:easy_install command is deprecated setup.py egg_info --egg-base ../../build/turtle_shapes build --build-base /home/andrew/ros2_ws/build/turtle_shapes/build install --record /home/andrew/ros2_ws/build/turtle_shapes/install.log --single-version-externally-managed install_data
