[2.594s] Invoking command in '/home/andrew/ros2_ws/src/turtle_shapes': PYTHONPATH=/home/andrew/ros2_ws/build/turtle_shapes/prefix_override:/usr/lib/python3/dist-packages/colcon_core/task/python/colcon_distutils_commands:/home/andrew/ros2_ws/install/turtle_shapes/lib/python3.10/site-packages:${PYTHONPATH} /usr/bin/python3 -W ignore:setup.py install is deprecated -W ignore:easy_install command is deprecated setup.py egg_info --egg-base ../../build/turtle_shapes build --build-base /home/andrew/ros2_ws/build/turtle_shapes/build install --record /home/andrew/ros2_ws/build/turtle_shapes/install.log --single-version-externally-managed install_data
[2.952s] running egg_info
[2.953s] creating ../../build/turtle_shapes/turtle_shapes.egg-info
[2.954s] writing ../../build/turtle_shapes/turtle_shapes.egg-info/PKG-INFO
[2.954s] writing dependency_links to ../../build/turtle_shapes/turtle_shapes.egg-info/dependency_links.txt
[2.955s] writing entry points to ../../build/turtle_shapes/turtle_shapes.egg-info/entry_points.txt
[2.955s] writing requirements to ../../build/turtle_shapes/turtle_shapes.egg-info/requires.txt
[2.955s] writing top-level names to ../../build/turtle_shapes/turtle_shapes.egg-info/top_level.txt
[2.956s] writing manifest file '../../build/turtle_shapes/turtle_shapes.egg-info/SOURCES.txt'
[2.958s] reading manifest file '../../build/turtle_shapes/turtle_shapes.egg-info/SOURCES.txt'
[2.959s] writing manifest file '../../build/turtle_shapes/turtle_shapes.egg-info/SOURCES.txt'
[2.960s] running build
[2.960s] running build_py
[2.960s] creating /home/andrew/ros2_ws/build/turtle_shapes/build
[2.961s] creating /home/andrew/ros2_ws/build/turtle_shapes/build/lib
[2.961s] creating /home/andrew/ros2_ws/build/turtle_shapes/build/lib/turtle_shapes
[2.961s] copying turtle_shapes/turtle_commander.py -> /home/andrew/ros2_ws/build/turtle_shapes/build/lib/turtle_shapes
[2.962s] copying turtle_shapes/shape_node.py -> /home/andrew/ros2_ws/build/turtle_shapes/build/lib/turtle_shapes
[2.962s] copying turtle_shapes/__init__.py -> /home/andrew/ros2_ws/build/turtle_shapes/build/lib/turtle_shapes
[2.962s] running install
[2.963s] running install_lib
[2.964s] creating /home/andrew/ros2_ws/install/turtle_shapes/lib/python3.10/site-packages/turtle_shapes
[2.964s] copying /home/andrew/ros2_ws/build/turtle_shapes/build/lib/turtle_shapes/turtle_commander.py -> /home/andrew/ros2_ws/install/turtle_shapes/lib/python3.10/site-packages/turtle_shapes
[2.965s] copying /home/andrew/ros2_ws/build/turtle_shapes/build/lib/turtle_shapes/shape_node.py -> /home/andrew/ros2_ws/install/turtle_shapes/lib/python3.10/site-packages/turtle_shapes
[2.965s] copying /home/andrew/ros2_ws/build/turtle_shapes/build/lib/turtle_shapes/__init__.py -> /home/andrew/ros2_ws/install/turtle_shapes/lib/python3.10/site-packages/turtle_shapes
[2.965s] byte-compiling /home/andrew/ros2_ws/install/turtle_shapes/lib/python3.10/site-packages/turtle_shapes/turtle_commander.py to turtle_commander.cpython-310.pyc
[2.966s] byte-compiling /home/andrew/ros2_ws/install/turtle_shapes/lib/python3.10/site-packages/turtle_shapes/shape_node.py to shape_node.cpython-310.pyc
[2.967s] byte-compiling /home/andrew/ros2_ws/install/turtle_shapes/lib/python3.10/site-packages/turtle_shapes/__init__.py to __init__.cpython-310.pyc
[2.968s] running install_data
[2.968s] creating /home/andrew/ros2_ws/install/turtle_shapes/share/ament_index
[2.968s] creating /home/andrew/ros2_ws/install/turtle_shapes/share/ament_index/resource_index
[2.969s] creating /home/andrew/ros2_ws/install/turtle_shapes/share/ament_index/resource_index/packages
[2.969s] copying resource/turtle_shapes -> /home/andrew/ros2_ws/install/turtle_shapes/share/ament_index/resource_index/packages
[2.969s] copying package.xml -> /home/andrew/ros2_ws/install/turtle_shapes/share/turtle_shapes
[2.969s] running install_egg_info
[2.972s] Copying ../../build/turtle_shapes/turtle_shapes.egg-info to /home/andrew/ros2_ws/install/turtle_shapes/lib/python3.10/site-packages/turtle_shapes-0.0.0-py3.10.egg-info
[2.974s] running install_scripts
[3.004s] Installing shape_node script to /home/andrew/ros2_ws/install/turtle_shapes/lib/turtle_shapes
[3.005s] Installing turtle_commander script to /home/andrew/ros2_ws/install/turtle_shapes/lib/turtle_shapes
[3.005s] writing list of installed files to '/home/andrew/ros2_ws/build/turtle_shapes/install.log'
[3.013s] running egg_info
[3.014s] writing ../../build/turtle_shapes/turtle_shapes.egg-info/PKG-INFO
[3.014s] writing dependency_links to ../../build/turtle_shapes/turtle_shapes.egg-info/dependency_links.txt
[3.015s] writing entry points to ../../build/turtle_shapes/turtle_shapes.egg-info/entry_points.txt
[3.015s] writing requirements to ../../build/turtle_shapes/turtle_shapes.egg-info/requires.txt
[3.015s] writing top-level names to ../../build/turtle_shapes/turtle_shapes.egg-info/top_level.txt
[3.016s] reading manifest file '../../build/turtle_shapes/turtle_shapes.egg-info/SOURCES.txt'
[3.017s] writing manifest file '../../build/turtle_shapes/turtle_shapes.egg-info/SOURCES.txt'
[3.017s] running build
[3.018s] running build_py
[3.018s] running install
[3.018s] running install_lib
[3.019s] running install_data
[3.019s] running install_egg_info
[3.020s] removing '/home/andrew/ros2_ws/install/turtle_shapes/lib/python3.10/site-packages/turtle_shapes-0.0.0-py3.10.egg-info' (and everything under it)
[3.020s] Copying ../../build/turtle_shapes/turtle_shapes.egg-info to /home/andrew/ros2_ws/install/turtle_shapes/lib/python3.10/site-packages/turtle_shapes-0.0.0-py3.10.egg-info
[3.022s] running install_scripts
[3.024s] writing list of installed files to '/home/andrew/ros2_ws/build/turtle_shapes/install.log'
[3.054s] Invoked command in '/home/andrew/ros2_ws/src/turtle_shapes' returned '0': PYTHONPATH=/home/andrew/ros2_ws/build/turtle_shapes/prefix_override:/usr/lib/python3/dist-packages/colcon_core/task/python/colcon_distutils_commands:/home/andrew/ros2_ws/install/turtle_shapes/lib/python3.10/site-packages:${PYTHONPATH} /usr/bin/python3 -W ignore:setup.py install is deprecated -W ignore:easy_install command is deprecated setup.py egg_info --egg-base ../../build/turtle_shapes build --build-base /home/andrew/ros2_ws/build/turtle_shapes/build install --record /home/andrew/ros2_ws/build/turtle_shapes/install.log --single-version-externally-managed install_data
